<?xml version="1.0" encoding="UTF-8"?>
<testsuite xmlns:xsi="http://www.w3.org/2001/XMLSchema-instance" xsi:noNamespaceSchemaLocation="https://maven.apache.org/surefire/maven-surefire-plugin/xsd/surefire-test-report-3.0.xsd" version="3.0" name="tests.TC1_FlightSearchTest" time="35.314" tests="1" errors="0" skipped="0" failures="0">
  <properties>
[...]
</properties>
  <testcase name="basicRoundTripWithTimeFilter" classname="tests.TC1_FlightSearchTest" time="30.101">
    <system-out><![CDATA[[22:11:23] [ INFO] [main] [] TC1_FlightSearchTest - Driver started. Browser=chrome
[22:11:27] [ INFO] [main] [] HomePage - Cookies accepted.
[22:11:30] [ INFO] [main] [] HomePage - Departure date selected: 2025-11-13
[22:11:31] [ INFO] [main] [] HomePage - Return date selected: 2025-12-15
[22:11:36] [ INFO] [main] [] ResultsPage - Flight results loaded. Total flight count: 56
[22:11:39] [ INFO] [main] [] ResultsPage - Departure time filter applied: 10:00 - 18:00
[22:11:53] [ INFO] [main] [] AssertionsHelper - All departure times are within the expected range: 10:00-18:00 (Total flights: 39)
[22:11:53] [ INFO] [main] [] AssertionsHelper - All departure dates match the expected date: 2025-11-13
[22:11:53] [ INFO] [main] [] AssertionsHelper - All departure cities match the expected city: Istanbul
]]></system-out>
    <system-err><![CDATA[SLF4J: Failed to load class "org.slf4j.impl.StaticLoggerBinder".
SLF4J: Defaulting to no-operation (NOP) logger implementation
SLF4J: See http://www.slf4j.org/codes.html#StaticLoggerBinder for further details.
Eki 29, 2025 10:11:23 ÖS org.openqa.selenium.devtools.CdpVersionFinder findNearestMatch
WARNING: Unable to find CDP implementation matching 141
Eki 29, 2025 10:11:23 ÖS org.openqa.selenium.chromium.ChromiumDriver lambda$new$5
WARNING: Unable to find version of CDP to use for 141.0.7390.123. You may need to include a dependency on a specific version of the CDP using something similar to `org.seleniumhq.selenium:selenium-devtools-v86:4.23.0` where the version ("v86") matches the version of the chromium-based browser you're using and the version number of the artifact is the same as Selenium's.
]]></system-err>
  </testcase>
</testsuite>