<?xml version="1.0" encoding="UTF-8"?>
<testng-results ignored="0" total="1" passed="1" failed="0" skipped="0">
  <reporter-output>
  </reporter-output>
  <suite started-at="2025-10-29T22:11:20 GMT+03:00" name="Surefire suite" finished-at="2025-10-29T22:11:54 GMT+03:00" duration-ms="33843">
    <groups>
    </groups>
    <test started-at="2025-10-29T22:11:20 GMT+03:00" name="Surefire test" finished-at="2025-10-29T22:11:54 GMT+03:00" duration-ms="33843">
      <class name="tests.TC1_FlightSearchTest">
        <test-method is-config="true" signature="setUp()[pri:0, instance:tests.TC1_FlightSearchTest@6b54655f]" started-at="2025-10-29T22:11:20 GMT+03:00" name="setUp" finished-at="2025-10-29T22:11:23 GMT+03:00" duration-ms="2411" status="PASS">
          <reporter-output>
          </reporter-output>
        </test-method> <!-- setUp -->
        <test-method signature="basicRoundTripWithTimeFilter()[pri:0, instance:tests.TC1_FlightSearchTest@6b54655f]" started-at="2025-10-29T22:11:23 GMT+03:00" name="basicRoundTripWithTimeFilter" description="Verify flight search functionality with time filtering" finished-at="2025-10-29T22:11:53 GMT+03:00" duration-ms="30082" status="PASS">
          <reporter-output>
          </reporter-output>
        </test-method> <!-- basicRoundTripWithTimeFilter -->
        <test-method is-config="true" signature="afterEach(org.testng.ITestResult)[pri:0, instance:tests.TC1_FlightSearchTest@6b54655f]" started-at="2025-10-29T22:11:53 GMT+03:00" name="afterEach" finished-at="2025-10-29T22:11:53 GMT+03:00" duration-ms="3" status="PASS">
          <params>
            <param index="0">
              <value>
                <![CDATA[[TestResult name=basicRoundTripWithTimeFilter status=SUCCESS method=TC1_FlightSearchTest.basicRoundTripWithTimeFilter()[pri:0, instance:tests.TC1_FlightSearchTest@6b54655f] output={null}]]]>
              </value>
            </param>
          </params>
          <reporter-output>
          </reporter-output>
        </test-method> <!-- afterEach -->
        <test-method is-config="true" signature="tearDown()[pri:0, instance:tests.TC1_FlightSearchTest@6b54655f]" started-at="2025-10-29T22:11:53 GMT+03:00" name="tearDown" finished-at="2025-10-29T22:11:54 GMT+03:00" duration-ms="1213" status="PASS">
          <reporter-output>
          </reporter-output>
        </test-method> <!-- tearDown -->
      </class> <!-- tests.TC1_FlightSearchTest -->
    </test> <!-- Surefire test -->
  </suite> <!-- Surefire suite -->
</testng-results>
